# JRE version: OpenJDK Runtime Environment (11.0.11+9) (build 11.0.11+9-b60-7590822)
# Java VM: OpenJDK 64-Bit Server VM (11.0.11+9-b60-7590822, mixed mode, tiered, compressed oops, g1 gc, windows-amd64)
Heap:
 garbage-first heap   total 131072K, used 42340K [0x0000000080000000, 0x0000000100000000)
  region size 1024K, 25 young (25600K), 9 survivors (9216K)
 Metaspace       used 41195K, capacity 42140K, committed 42316K, reserved 1085440K
  class space    used 5315K, capacity 5634K, committed 5708K, reserved 1048576K
GC Heap History (20 events):
Event: 9.447 GC heap before
{Heap before GC invocations=0 (full 0):
 garbage-first heap   total 131072K, used 19456K [0x0000000080000000, 0x0000000100000000)
  region size 1024K, 14 young (14336K), 0 survivors (0K)
 Metaspace       used 6751K, capacity 6929K, committed 7168K, reserved 1056768K
  class space    used 584K, capacity 650K, committed 768K, reserved 1048576K
}
Event: 9.465 GC heap after
{Heap after GC invocations=1 (full 0):
 garbage-first heap   total 131072K, used 7609K [0x0000000080000000, 0x0000000100000000)
  region size 1024K, 2 young (2048K), 2 survivors (2048K)
 Metaspace       used 6751K, capacity 6929K, committed 7168K, reserved 1056768K
  class space    used 584K, capacity 650K, committed 768K, reserved 1048576K
}
Event: 9.695 GC heap before
{Heap before GC invocations=1 (full 0):
 garbage-first heap   total 131072K, used 12729K [0x0000000080000000, 0x0000000100000000)
  region size 1024K, 7 young (7168K), 2 survivors (2048K)
 Metaspace       used 7954K, capacity 8143K, committed 8320K, reserved 1056768K
  class space    used 757K, capacity 823K, committed 896K, reserved 1048576K
}
Event: 9.699 GC heap after
{Heap after GC invocations=2 (full 0):
 garbage-first heap   total 131072K, used 8586K [0x0000000080000000, 0x0000000100000000)
  region size 1024K, 1 young (1024K), 1 survivors (1024K)
 Metaspace       used 7954K, capacity 8143K, committed 8320K, reserved 1056768K
  class space    used 757K, capacity 823K, committed 896K, reserved 1048576K
}
Event: 11.908 GC heap before
{Heap before GC invocations=2 (full 0):
 garbage-first heap   total 131072K, used 29066K [0x0000000080000000, 0x0000000100000000)
  region size 1024K, 22 young (22528K), 1 survivors (1024K)
 Metaspace       used 11106K, capacity 11382K, committed 11520K, reserved 1058816K
  class space    used 1165K, capacity 1243K, committed 1280K, reserved 1048576K
}
Event: 11.913 GC heap after
{Heap after GC invocations=3 (full 0):
 garbage-first heap   total 131072K, used 9683K [0x0000000080000000, 0x0000000100000000)
  region size 1024K, 2 young (2048K), 2 survivors (2048K)
 Metaspace       used 11106K, capacity 11382K, committed 11520K, reserved 1058816K
  class space    used 1165K, capacity 1243K, committed 1280K, reserved 1048576K
}
Event: 19.515 GC heap before
{Heap before GC invocations=3 (full 0):
 garbage-first heap   total 131072K, used 41427K [0x0000000080000000, 0x0000000100000000)
  region size 1024K, 33 young (33792K), 2 survivors (2048K)
 Metaspace       used 11557K, capacity 11886K, committed 12160K, reserved 1060864K
  class space    used 1253K, capacity 1347K, committed 1408K, reserved 1048576K
}
Event: 19.525 GC heap after
{Heap after GC invocations=4 (full 0):
 garbage-first heap   total 131072K, used 13855K [0x0000000080000000, 0x0000000100000000)
  region size 1024K, 5 young (5120K), 5 survivors (5120K)
 Metaspace       used 11557K, capacity 11886K, committed 12160K, reserved 1060864K
  class space    used 1253K, capacity 1347K, committed 1408K, reserved 1048576K
}
Event: 24.320 GC heap before
{Heap before GC invocations=4 (full 0):
 garbage-first heap   total 131072K, used 59935K [0x0000000080000000, 0x0000000100000000)
  region size 1024K, 50 young (51200K), 5 survivors (5120K)
 Metaspace       used 19961K, capacity 20461K, committed 20608K, reserved 1067008K
  class space    used 2426K, capacity 2581K, committed 2688K, reserved 1048576K
}
Event: 24.341 GC heap after
{Heap after GC invocations=5 (full 0):
 garbage-first heap   total 131072K, used 16720K [0x0000000080000000, 0x0000000100000000)
  region size 1024K, 3 young (3072K), 3 survivors (3072K)
 Metaspace       used 19961K, capacity 20461K, committed 20608K, reserved 1067008K
  class space    used 2426K, capacity 2581K, committed 2688K, reserved 1048576K
}
Event: 24.518 GC heap before
{Heap before GC invocations=5 (full 0):
 garbage-first heap   total 131072K, used 19792K [0x0000000080000000, 0x0000000100000000)
  region size 1024K, 7 young (7168K), 3 survivors (3072K)
 Metaspace       used 20530K, capacity 21096K, committed 21248K, reserved 1067008K
  class space    used 2502K, capacity 2690K, committed 2816K, reserved 1048576K
}
Event: 24.528 GC heap after
{Heap after GC invocations=6 (full 0):
 garbage-first heap   total 131072K, used 16679K [0x0000000080000000, 0x0000000100000000)
  region size 1024K, 3 young (3072K), 3 survivors (3072K)
 Metaspace       used 20530K, capacity 21096K, committed 21248K, reserved 1067008K
  class space    used 2502K, capacity 2690K, committed 2816K, reserved 1048576K
}
Event: 26.646 GC heap before
{Heap before GC invocations=7 (full 0):
 garbage-first heap   total 131072K, used 67879K [0x0000000080000000, 0x0000000100000000)
  region size 1024K, 53 young (54272K), 3 survivors (3072K)
 Metaspace       used 25851K, capacity 26556K, committed 26752K, reserved 1073152K
  class space    used 3370K, capacity 3600K, committed 3712K, reserved 1048576K
}
Event: 26.658 GC heap after
{Heap after GC invocations=8 (full 0):
 garbage-first heap   total 131072K, used 18515K [0x0000000080000000, 0x0000000100000000)
  region size 1024K, 5 young (5120K), 5 survivors (5120K)
 Metaspace       used 25851K, capacity 26556K, committed 26752K, reserved 1073152K
  class space    used 3370K, capacity 3600K, committed 3712K, reserved 1048576K
}
Event: 28.657 GC heap before
{Heap before GC invocations=8 (full 0):
 garbage-first heap   total 131072K, used 73811K [0x0000000080000000, 0x0000000100000000)
  region size 1024K, 59 young (60416K), 5 survivors (5120K)
 Metaspace       used 34117K, capacity 34892K, committed 34944K, reserved 1079296K
  class space    used 4425K, capacity 4722K, committed 4736K, reserved 1048576K
}
Event: 28.673 GC heap after
{Heap after GC invocations=9 (full 0):
 garbage-first heap   total 131072K, used 22025K [0x0000000080000000, 0x0000000100000000)
  region size 1024K, 6 young (6144K), 6 survivors (6144K)
 Metaspace       used 34117K, capacity 34892K, committed 34944K, reserved 1079296K
  class space    used 4425K, capacity 4722K, committed 4736K, reserved 1048576K
}
Event: 28.857 GC heap before
{Heap before GC invocations=9 (full 0):
 garbage-first heap   total 131072K, used 25097K [0x0000000080000000, 0x0000000100000000)
  region size 1024K, 11 young (11264K), 6 survivors (6144K)
 Metaspace       used 35060K, capacity 35830K, committed 35840K, reserved 1081344K
  class space    used 4534K, capacity 4864K, committed 4864K, reserved 1048576K
}
Event: 28.872 GC heap after
{Heap after GC invocations=10 (full 0):
 garbage-first heap   total 131072K, used 22119K [0x0000000080000000, 0x0000000100000000)
  region size 1024K, 4 young (4096K), 4 survivors (4096K)
 Metaspace       used 35060K, capacity 35830K, committed 35840K, reserved 1081344K
  class space    used 4534K, capacity 4864K, committed 4864K, reserved 1048576K
}
Event: 31.666 GC heap before
{Heap before GC invocations=11 (full 0):
 garbage-first heap   total 131072K, used 89703K [0x0000000080000000, 0x0000000100000000)
  region size 1024K, 67 young (68608K), 4 survivors (4096K)
 Metaspace       used 39675K, capacity 40590K, committed 40780K, reserved 1085440K
  class space    used 5064K, capacity 5422K, committed 5452K, reserved 1048576K
}
Event: 31.684 GC heap after
{Heap after GC invocations=12 (full 0):
 garbage-first heap   total 131072K, used 26980K [0x0000000080000000, 0x0000000100000000)
  region size 1024K, 9 young (9216K), 9 survivors (9216K)
 Metaspace       used 39675K, capacity 40590K, committed 40780K, reserved 1085440K
  class space    used 5064K, capacity 5422K, committed 5452K, reserved 1048576K
}

