# JRE version: OpenJDK Runtime Environment (11.0.11+9) (build 11.0.11+9-b60-7590822)
# Java VM: OpenJDK 64-Bit Server VM (11.0.11+9-b60-7590822, mixed mode, tiered, compressed oops, g1 gc, windows-amd64)
Heap:
 garbage-first heap   total 189440K, used 153070K [0x0000000080000000, 0x0000000100000000)
  region size 1024K, 7 young (7168K), 3 survivors (3072K)
 Metaspace       used 134565K, capacity 138111K, committed 138284K, reserved 1171456K
  class space    used 16286K, capacity 17529K, committed 17536K, reserved 1048576K
GC Heap History (20 events):
Event: 4644.266 GC heap before
{Heap before GC invocations=105 (full 0):
 garbage-first heap   total 189440K, used 141000K [0x0000000080000000, 0x0000000100000000)
  region size 1024K, 9 young (9216K), 2 survivors (2048K)
 Metaspace       used 129141K, capacity 132626K, committed 132780K, reserved 1165312K
  class space    used 15613K, capacity 16819K, committed 16896K, reserved 1048576K
}
Event: 4644.277 GC heap after
{Heap after GC invocations=106 (full 0):
 garbage-first heap   total 189440K, used 132779K [0x0000000080000000, 0x0000000100000000)
  region size 1024K, 2 young (2048K), 2 survivors (2048K)
 Metaspace       used 129141K, capacity 132626K, committed 132780K, reserved 1165312K
  class space    used 15613K, capacity 16819K, committed 16896K, reserved 1048576K
}
Event: 4646.635 GC heap before
{Heap before GC invocations=106 (full 0):
 garbage-first heap   total 189440K, used 157355K [0x0000000080000000, 0x0000000100000000)
  region size 1024K, 27 young (27648K), 2 survivors (2048K)
 Metaspace       used 129620K, capacity 133068K, committed 133292K, reserved 1165312K
  class space    used 15650K, capacity 16890K, committed 16896K, reserved 1048576K
}
Event: 4646.642 GC heap after
{Heap after GC invocations=107 (full 0):
 garbage-first heap   total 189440K, used 134394K [0x0000000080000000, 0x0000000100000000)
  region size 1024K, 3 young (3072K), 3 survivors (3072K)
 Metaspace       used 129620K, capacity 133068K, committed 133292K, reserved 1165312K
  class space    used 15650K, capacity 16890K, committed 16896K, reserved 1048576K
}
Event: 4647.562 GC heap before
{Heap before GC invocations=108 (full 0):
 garbage-first heap   total 189440K, used 158970K [0x0000000080000000, 0x0000000100000000)
  region size 1024K, 28 young (28672K), 3 survivors (3072K)
 Metaspace       used 130076K, capacity 133517K, committed 133676K, reserved 1165312K
  class space    used 15720K, capacity 16954K, committed 17024K, reserved 1048576K
}
Event: 4647.569 GC heap after
{Heap after GC invocations=109 (full 0):
 garbage-first heap   total 189440K, used 134901K [0x0000000080000000, 0x0000000100000000)
  region size 1024K, 3 young (3072K), 3 survivors (3072K)
 Metaspace       used 130076K, capacity 133517K, committed 133676K, reserved 1165312K
  class space    used 15720K, capacity 16954K, committed 17024K, reserved 1048576K
}
Event: 4647.622 GC heap before
{Heap before GC invocations=109 (full 0):
 garbage-first heap   total 189440K, used 140021K [0x0000000080000000, 0x0000000100000000)
  region size 1024K, 9 young (9216K), 3 survivors (3072K)
 Metaspace       used 130128K, capacity 133517K, committed 133676K, reserved 1165312K
  class space    used 15728K, capacity 16954K, committed 17024K, reserved 1048576K
}
Event: 4647.630 GC heap after
{Heap after GC invocations=110 (full 0):
 garbage-first heap   total 189440K, used 134651K [0x0000000080000000, 0x0000000100000000)
  region size 1024K, 1 young (1024K), 1 survivors (1024K)
 Metaspace       used 130128K, capacity 133517K, committed 133676K, reserved 1165312K
  class space    used 15728K, capacity 16954K, committed 17024K, reserved 1048576K
}
Event: 4648.412 GC heap before
{Heap before GC invocations=110 (full 0):
 garbage-first heap   total 189440K, used 160251K [0x0000000080000000, 0x0000000100000000)
  region size 1024K, 26 young (26624K), 1 survivors (1024K)
 Metaspace       used 131303K, capacity 134748K, committed 134828K, reserved 1167360K
  class space    used 15888K, capacity 17130K, committed 17152K, reserved 1048576K
}
Event: 4648.417 GC heap after
{Heap after GC invocations=111 (full 0):
 garbage-first heap   total 189440K, used 135091K [0x0000000080000000, 0x0000000100000000)
  region size 1024K, 1 young (1024K), 1 survivors (1024K)
 Metaspace       used 131303K, capacity 134748K, committed 134828K, reserved 1167360K
  class space    used 15888K, capacity 17130K, committed 17152K, reserved 1048576K
}
Event: 4649.027 GC heap before
{Heap before GC invocations=112 (full 0):
 garbage-first heap   total 189440K, used 161715K [0x0000000080000000, 0x0000000100000000)
  region size 1024K, 27 young (27648K), 1 survivors (1024K)
 Metaspace       used 133235K, capacity 136774K, committed 136876K, reserved 1169408K
  class space    used 16133K, capacity 17377K, committed 17408K, reserved 1048576K
}
Event: 4649.034 GC heap after
{Heap after GC invocations=113 (full 0):
 garbage-first heap   total 189440K, used 136562K [0x0000000080000000, 0x0000000100000000)
  region size 1024K, 3 young (3072K), 3 survivors (3072K)
 Metaspace       used 133235K, capacity 136774K, committed 136876K, reserved 1169408K
  class space    used 16133K, capacity 17377K, committed 17408K, reserved 1048576K
}
Event: 4649.988 GC heap before
{Heap before GC invocations=113 (full 0):
 garbage-first heap   total 189440K, used 162162K [0x0000000080000000, 0x0000000100000000)
  region size 1024K, 28 young (28672K), 3 survivors (3072K)
 Metaspace       used 133687K, capacity 137199K, committed 137516K, reserved 1169408K
  class space    used 16164K, capacity 17411K, committed 17536K, reserved 1048576K
}
Event: 4650.013 GC heap after
{Heap after GC invocations=114 (full 0):
 garbage-first heap   total 189440K, used 140684K [0x0000000080000000, 0x0000000100000000)
  region size 1024K, 4 young (4096K), 4 survivors (4096K)
 Metaspace       used 133687K, capacity 137199K, committed 137516K, reserved 1169408K
  class space    used 16164K, capacity 17411K, committed 17536K, reserved 1048576K
}
Event: 4651.887 GC heap before
{Heap before GC invocations=115 (full 0):
 garbage-first heap   total 189440K, used 161164K [0x0000000080000000, 0x0000000100000000)
  region size 1024K, 25 young (25600K), 4 survivors (4096K)
 Metaspace       used 133838K, capacity 137326K, committed 137516K, reserved 1169408K
  class space    used 16189K, capacity 17428K, committed 17536K, reserved 1048576K
}
Event: 4651.898 GC heap after
{Heap after GC invocations=116 (full 0):
 garbage-first heap   total 189440K, used 142802K [0x0000000080000000, 0x0000000100000000)
  region size 1024K, 2 young (2048K), 2 survivors (2048K)
 Metaspace       used 133838K, capacity 137326K, committed 137516K, reserved 1169408K
  class space    used 16189K, capacity 17428K, committed 17536K, reserved 1048576K
}
Event: 4652.133 GC heap before
{Heap before GC invocations=116 (full 0):
 garbage-first heap   total 189440K, used 162258K [0x0000000080000000, 0x0000000100000000)
  region size 1024K, 21 young (21504K), 2 survivors (2048K)
 Metaspace       used 134035K, capacity 137584K, committed 137772K, reserved 1169408K
  class space    used 16220K, capacity 17470K, committed 17536K, reserved 1048576K
}
Event: 4652.137 GC heap after
{Heap after GC invocations=117 (full 0):
 garbage-first heap   total 189440K, used 143249K [0x0000000080000000, 0x0000000100000000)
  region size 1024K, 1 young (1024K), 1 survivors (1024K)
 Metaspace       used 134035K, capacity 137584K, committed 137772K, reserved 1169408K
  class space    used 16220K, capacity 17470K, committed 17536K, reserved 1048576K
}
Event: 4653.234 GC heap before
{Heap before GC invocations=118 (full 0):
 garbage-first heap   total 189440K, used 163729K [0x0000000080000000, 0x0000000100000000)
  region size 1024K, 20 young (20480K), 1 survivors (1024K)
 Metaspace       used 134181K, capacity 137713K, committed 137772K, reserved 1169408K
  class space    used 16239K, capacity 17486K, committed 17536K, reserved 1048576K
}
Event: 4653.239 GC heap after
{Heap after GC invocations=119 (full 0):
 garbage-first heap   total 189440K, used 143581K [0x0000000080000000, 0x0000000100000000)
  region size 1024K, 1 young (1024K), 1 survivors (1024K)
 Metaspace       used 134181K, capacity 137713K, committed 137772K, reserved 1169408K
  class space    used 16239K, capacity 17486K, committed 17536K, reserved 1048576K
}

