# JRE version: OpenJDK Runtime Environment (11.0.11+9) (build 11.0.11+9-b60-7590822)
# Java VM: OpenJDK 64-Bit Server VM (11.0.11+9-b60-7590822, mixed mode, tiered, compressed oops, g1 gc, windows-amd64)
Heap:
 garbage-first heap   total 328704K, used 180539K [0x0000000080000000, 0x0000000100000000)
  region size 1024K, 3 young (3072K), 3 survivors (3072K)
 Metaspace       used 158087K, capacity 163510K, committed 163840K, reserved 1191936K
  class space    used 19174K, capacity 21107K, committed 21248K, reserved 1048576K
GC Heap History (20 events):
Event: 799.028 GC heap after
{Heap after GC invocations=136 (full 0):
 garbage-first heap   total 273408K, used 185705K [0x0000000080000000, 0x0000000100000000)
  region size 1024K, 7 young (7168K), 7 survivors (7168K)
 Metaspace       used 151316K, capacity 156495K, committed 156672K, reserved 1185792K
  class space    used 18261K, capacity 20106K, committed 20224K, reserved 1048576K
}
Event: 799.278 GC heap before
{Heap before GC invocations=136 (full 0):
 garbage-first heap   total 273408K, used 227689K [0x0000000080000000, 0x0000000100000000)
  region size 1024K, 48 young (49152K), 7 survivors (7168K)
 Metaspace       used 152045K, capacity 157271K, committed 157568K, reserved 1185792K
  class space    used 18402K, capacity 20253K, committed 20352K, reserved 1048576K
}
Event: 799.298 GC heap after
{Heap after GC invocations=137 (full 0):
 garbage-first heap   total 273408K, used 193248K [0x0000000080000000, 0x0000000100000000)
  region size 1024K, 6 young (6144K), 6 survivors (6144K)
 Metaspace       used 152045K, capacity 157271K, committed 157568K, reserved 1185792K
  class space    used 18402K, capacity 20253K, committed 20352K, reserved 1048576K
}
Event: 799.908 GC heap before
{Heap before GC invocations=137 (full 0):
 garbage-first heap   total 273408K, used 230112K [0x0000000080000000, 0x0000000100000000)
  region size 1024K, 42 young (43008K), 6 survivors (6144K)
 Metaspace       used 155219K, capacity 160620K, committed 160896K, reserved 1189888K
  class space    used 18906K, capacity 20839K, committed 20864K, reserved 1048576K
}
Event: 799.929 GC heap after
{Heap after GC invocations=138 (full 0):
 garbage-first heap   total 273408K, used 197916K [0x0000000080000000, 0x0000000100000000)
  region size 1024K, 4 young (4096K), 4 survivors (4096K)
 Metaspace       used 155219K, capacity 160620K, committed 160896K, reserved 1189888K
  class space    used 18906K, capacity 20839K, committed 20864K, reserved 1048576K
}
Event: 800.878 GC heap before
{Heap before GC invocations=139 (full 0):
 garbage-first heap   total 273408K, used 223516K [0x0000000080000000, 0x0000000100000000)
  region size 1024K, 37 young (37888K), 4 survivors (4096K)
 Metaspace       used 156987K, capacity 162394K, committed 162688K, reserved 1191936K
  class space    used 19108K, capacity 21028K, committed 21120K, reserved 1048576K
}
Event: 800.889 GC heap after
{Heap after GC invocations=140 (full 0):
 garbage-first heap   total 273408K, used 191252K [0x0000000080000000, 0x0000000100000000)
  region size 1024K, 2 young (2048K), 2 survivors (2048K)
 Metaspace       used 156987K, capacity 162394K, committed 162688K, reserved 1191936K
  class space    used 19108K, capacity 21028K, committed 21120K, reserved 1048576K
}
Event: 801.066 GC heap before
{Heap before GC invocations=140 (full 0):
 garbage-first heap   total 273408K, used 201492K [0x0000000080000000, 0x0000000100000000)
  region size 1024K, 13 young (13312K), 2 survivors (2048K)
 Metaspace       used 157147K, capacity 162622K, committed 162688K, reserved 1191936K
  class space    used 19131K, capacity 21061K, committed 21120K, reserved 1048576K
}
Event: 801.074 GC heap after
{Heap after GC invocations=141 (full 0):
 garbage-first heap   total 273408K, used 179243K [0x0000000080000000, 0x0000000100000000)
  region size 1024K, 2 young (2048K), 2 survivors (2048K)
 Metaspace       used 157147K, capacity 162622K, committed 162688K, reserved 1191936K
  class space    used 19131K, capacity 21061K, committed 21120K, reserved 1048576K
}
Event: 801.591 GC heap before
{Heap before GC invocations=141 (full 0):
 garbage-first heap   total 273408K, used 222251K [0x0000000080000000, 0x0000000100000000)
  region size 1024K, 44 young (45056K), 2 survivors (2048K)
 Metaspace       used 157426K, capacity 162856K, committed 162944K, reserved 1191936K
  class space    used 19143K, capacity 21071K, committed 21120K, reserved 1048576K
}
Event: 801.595 GC heap after
{Heap after GC invocations=142 (full 0):
 garbage-first heap   total 273408K, used 178874K [0x0000000080000000, 0x0000000100000000)
  region size 1024K, 2 young (2048K), 2 survivors (2048K)
 Metaspace       used 157426K, capacity 162856K, committed 162944K, reserved 1191936K
  class space    used 19143K, capacity 21071K, committed 21120K, reserved 1048576K
}
Event: 801.935 GC heap before
{Heap before GC invocations=142 (full 0):
 garbage-first heap   total 273408K, used 223930K [0x0000000080000000, 0x0000000100000000)
  region size 1024K, 46 young (47104K), 2 survivors (2048K)
 Metaspace       used 157615K, capacity 163063K, committed 163200K, reserved 1191936K
  class space    used 19153K, capacity 21074K, committed 21120K, reserved 1048576K
}
Event: 801.939 GC heap after
{Heap after GC invocations=143 (full 0):
 garbage-first heap   total 273408K, used 178715K [0x0000000080000000, 0x0000000100000000)
  region size 1024K, 1 young (1024K), 1 survivors (1024K)
 Metaspace       used 157615K, capacity 163063K, committed 163200K, reserved 1191936K
  class space    used 19153K, capacity 21074K, committed 21120K, reserved 1048576K
}
Event: 802.296 GC heap before
{Heap before GC invocations=143 (full 0):
 garbage-first heap   total 273408K, used 226843K [0x0000000080000000, 0x0000000100000000)
  region size 1024K, 48 young (49152K), 1 survivors (1024K)
 Metaspace       used 157913K, capacity 163364K, committed 163456K, reserved 1191936K
  class space    used 19166K, capacity 21106K, committed 21120K, reserved 1048576K
}
Event: 802.300 GC heap after
{Heap after GC invocations=144 (full 0):
 garbage-first heap   total 273408K, used 178852K [0x0000000080000000, 0x0000000100000000)
  region size 1024K, 2 young (2048K), 2 survivors (2048K)
 Metaspace       used 157913K, capacity 163364K, committed 163456K, reserved 1191936K
  class space    used 19166K, capacity 21106K, committed 21120K, reserved 1048576K
}
Event: 802.555 GC heap before
{Heap before GC invocations=144 (full 0):
 garbage-first heap   total 273408K, used 228004K [0x0000000080000000, 0x0000000100000000)
  region size 1024K, 50 young (51200K), 2 survivors (2048K)
 Metaspace       used 157992K, capacity 163459K, committed 163712K, reserved 1191936K
  class space    used 19171K, capacity 21116K, committed 21120K, reserved 1048576K
}
Event: 802.562 GC heap after
{Heap after GC invocations=145 (full 0):
 garbage-first heap   total 273408K, used 180516K [0x0000000080000000, 0x0000000100000000)
  region size 1024K, 3 young (3072K), 3 survivors (3072K)
 Metaspace       used 157992K, capacity 163459K, committed 163712K, reserved 1191936K
  class space    used 19171K, capacity 21116K, committed 21120K, reserved 1048576K
}
Event: 802.847 GC heap before
{Heap before GC invocations=145 (full 0):
 garbage-first heap   total 273408K, used 229668K [0x0000000080000000, 0x0000000100000000)
  region size 1024K, 51 young (52224K), 3 survivors (3072K)
 Metaspace       used 158084K, capacity 163559K, committed 163840K, reserved 1191936K
  class space    used 19186K, capacity 21127K, committed 21248K, reserved 1048576K
}
Event: 802.857 GC heap after
{Heap after GC invocations=146 (full 0):
 garbage-first heap   total 273408K, used 180384K [0x0000000080000000, 0x0000000100000000)
  region size 1024K, 3 young (3072K), 3 survivors (3072K)
 Metaspace       used 158084K, capacity 163559K, committed 163840K, reserved 1191936K
  class space    used 19186K, capacity 21127K, committed 21248K, reserved 1048576K
}
Event: 803.350 GC heap before
{Heap before GC invocations=146 (full 0):
 garbage-first heap   total 273408K, used 230560K [0x0000000080000000, 0x0000000100000000)
  region size 1024K, 53 young (54272K), 3 survivors (3072K)
 Metaspace       used 158087K, capacity 163510K, committed 163840K, reserved 1191936K
  class space    used 19174K, capacity 21107K, committed 21248K, reserved 1048576K
}

