# JRE version: OpenJDK Runtime Environment (11.0.11+9) (build 11.0.11+9-b60-7590822)
# Java VM: OpenJDK 64-Bit Server VM (11.0.11+9-b60-7590822, mixed mode, tiered, compressed oops, g1 gc, windows-amd64)
Heap:
 garbage-first heap   total 395264K, used 138551K [0x0000000080000000, 0x0000000100000000)
  region size 1024K, 31 young (31744K), 3 survivors (3072K)
 Metaspace       used 116228K, capacity 119171K, committed 119380K, reserved 1153024K
  class space    used 14673K, capacity 15812K, committed 15872K, reserved 1048576K
GC Heap History (20 events):
Event: 46.097 GC heap before
{Heap before GC invocations=61 (full 0):
 garbage-first heap   total 283648K, used 242522K [0x0000000080000000, 0x0000000100000000)
  region size 1024K, 118 young (120832K), 12 survivors (12288K)
 Metaspace       used 106845K, capacity 109652K, committed 109908K, reserved 1144832K
  class space    used 13682K, capacity 14759K, committed 14848K, reserved 1048576K
}
Event: 46.111 GC heap after
{Heap after GC invocations=62 (full 0):
 garbage-first heap   total 283648K, used 133190K [0x0000000080000000, 0x0000000100000000)
  region size 1024K, 6 young (6144K), 6 survivors (6144K)
 Metaspace       used 106845K, capacity 109652K, committed 109908K, reserved 1144832K
  class space    used 13682K, capacity 14759K, committed 14848K, reserved 1048576K
}
Event: 46.534 GC heap before
{Heap before GC invocations=62 (full 0):
 garbage-first heap   total 283648K, used 241734K [0x0000000080000000, 0x0000000100000000)
  region size 1024K, 112 young (114688K), 6 survivors (6144K)
 Metaspace       used 106846K, capacity 109652K, committed 109908K, reserved 1144832K
  class space    used 13682K, capacity 14759K, committed 14848K, reserved 1048576K
}
Event: 46.555 GC heap after
{Heap after GC invocations=63 (full 0):
 garbage-first heap   total 283648K, used 132801K [0x0000000080000000, 0x0000000100000000)
  region size 1024K, 6 young (6144K), 6 survivors (6144K)
 Metaspace       used 106846K, capacity 109652K, committed 109908K, reserved 1144832K
  class space    used 13682K, capacity 14759K, committed 14848K, reserved 1048576K
}
Event: 47.301 GC heap before
{Heap before GC invocations=64 (full 0):
 garbage-first heap   total 283648K, used 231105K [0x0000000080000000, 0x0000000100000000)
  region size 1024K, 114 young (116736K), 6 survivors (6144K)
 Metaspace       used 106853K, capacity 109650K, committed 109908K, reserved 1144832K
  class space    used 13682K, capacity 14758K, committed 14848K, reserved 1048576K
}
Event: 47.311 GC heap after
{Heap after GC invocations=65 (full 0):
 garbage-first heap   total 283648K, used 120672K [0x0000000080000000, 0x0000000100000000)
  region size 1024K, 6 young (6144K), 6 survivors (6144K)
 Metaspace       used 106853K, capacity 109650K, committed 109908K, reserved 1144832K
  class space    used 13682K, capacity 14758K, committed 14848K, reserved 1048576K
}
Event: 47.378 GC heap before
{Heap before GC invocations=65 (full 0):
 garbage-first heap   total 283648K, used 126816K [0x0000000080000000, 0x0000000100000000)
  region size 1024K, 13 young (13312K), 6 survivors (6144K)
 Metaspace       used 106854K, capacity 109650K, committed 109908K, reserved 1144832K
  class space    used 13682K, capacity 14758K, committed 14848K, reserved 1048576K
}
Event: 47.388 GC heap after
{Heap after GC invocations=66 (full 0):
 garbage-first heap   total 283648K, used 103966K [0x0000000080000000, 0x0000000100000000)
  region size 1024K, 2 young (2048K), 2 survivors (2048K)
 Metaspace       used 106854K, capacity 109650K, committed 109908K, reserved 1144832K
  class space    used 13682K, capacity 14758K, committed 14848K, reserved 1048576K
}
Event: 47.868 GC heap before
{Heap before GC invocations=66 (full 0):
 garbage-first heap   total 283648K, used 230942K [0x0000000080000000, 0x0000000100000000)
  region size 1024K, 126 young (129024K), 2 survivors (2048K)
 Metaspace       used 106870K, capacity 109653K, committed 109908K, reserved 1144832K
  class space    used 13683K, capacity 14759K, committed 14848K, reserved 1048576K
}
Event: 47.874 GC heap after
{Heap after GC invocations=67 (full 0):
 garbage-first heap   total 283648K, used 103337K [0x0000000080000000, 0x0000000100000000)
  region size 1024K, 2 young (2048K), 2 survivors (2048K)
 Metaspace       used 106870K, capacity 109653K, committed 109908K, reserved 1144832K
  class space    used 13683K, capacity 14759K, committed 14848K, reserved 1048576K
}
Event: 48.702 GC heap before
{Heap before GC invocations=67 (full 0):
 garbage-first heap   total 283648K, used 234409K [0x0000000080000000, 0x0000000100000000)
  region size 1024K, 130 young (133120K), 2 survivors (2048K)
 Metaspace       used 106878K, capacity 109654K, committed 109908K, reserved 1144832K
  class space    used 13683K, capacity 14759K, committed 14848K, reserved 1048576K
}
Event: 48.708 GC heap after
{Heap after GC invocations=68 (full 0):
 garbage-first heap   total 283648K, used 105761K [0x0000000080000000, 0x0000000100000000)
  region size 1024K, 4 young (4096K), 4 survivors (4096K)
 Metaspace       used 106878K, capacity 109654K, committed 109908K, reserved 1144832K
  class space    used 13683K, capacity 14759K, committed 14848K, reserved 1048576K
}
Event: 49.587 GC heap before
{Heap before GC invocations=68 (full 0):
 garbage-first heap   total 283648K, used 241953K [0x0000000080000000, 0x0000000100000000)
  region size 1024K, 132 young (135168K), 4 survivors (4096K)
 Metaspace       used 107575K, capacity 110426K, committed 110804K, reserved 1144832K
  class space    used 13769K, capacity 14840K, committed 14976K, reserved 1048576K
}
Event: 49.593 GC heap after
{Heap after GC invocations=69 (full 0):
 garbage-first heap   total 283648K, used 114878K [0x0000000080000000, 0x0000000100000000)
  region size 1024K, 9 young (9216K), 9 survivors (9216K)
 Metaspace       used 107575K, capacity 110426K, committed 110804K, reserved 1144832K
  class space    used 13769K, capacity 14840K, committed 14976K, reserved 1048576K
}
Event: 50.957 GC heap before
{Heap before GC invocations=69 (full 0):
 garbage-first heap   total 283648K, used 235710K [0x0000000080000000, 0x0000000100000000)
  region size 1024K, 127 young (130048K), 9 survivors (9216K)
 Metaspace       used 110154K, capacity 113138K, committed 113364K, reserved 1146880K
  class space    used 14046K, capacity 15203K, committed 15232K, reserved 1048576K
}
Event: 51.002 GC heap after
{Heap after GC invocations=70 (full 0):
 garbage-first heap   total 283648K, used 135914K [0x0000000080000000, 0x0000000100000000)
  region size 1024K, 16 young (16384K), 16 survivors (16384K)
 Metaspace       used 110154K, capacity 113138K, committed 113364K, reserved 1146880K
  class space    used 14046K, capacity 15203K, committed 15232K, reserved 1048576K
}
Event: 51.846 GC heap before
{Heap before GC invocations=70 (full 0):
 garbage-first heap   total 283648K, used 233194K [0x0000000080000000, 0x0000000100000000)
  region size 1024K, 105 young (107520K), 16 survivors (16384K)
 Metaspace       used 113184K, capacity 116067K, committed 116308K, reserved 1150976K
  class space    used 14464K, capacity 15600K, committed 15616K, reserved 1048576K
}
Event: 51.898 GC heap after
{Heap after GC invocations=71 (full 0):
 garbage-first heap   total 283648K, used 151294K [0x0000000080000000, 0x0000000100000000)
  region size 1024K, 8 young (8192K), 8 survivors (8192K)
 Metaspace       used 113184K, capacity 116067K, committed 116308K, reserved 1150976K
  class space    used 14464K, capacity 15600K, committed 15616K, reserved 1048576K
}
Event: 56.307 GC heap before
{Heap before GC invocations=71 (full 0):
 garbage-first heap   total 283648K, used 231166K [0x0000000080000000, 0x0000000100000000)
  region size 1024K, 87 young (89088K), 8 survivors (8192K)
 Metaspace       used 115520K, capacity 118468K, committed 118612K, reserved 1153024K
  class space    used 14618K, capacity 15763K, committed 15872K, reserved 1048576K
}
Event: 56.320 GC heap after
{Heap after GC invocations=72 (full 0):
 garbage-first heap   total 395264K, used 142647K [0x0000000080000000, 0x0000000100000000)
  region size 1024K, 3 young (3072K), 3 survivors (3072K)
 Metaspace       used 115520K, capacity 118468K, committed 118612K, reserved 1153024K
  class space    used 14618K, capacity 15763K, committed 15872K, reserved 1048576K
}

