# JRE version: OpenJDK Runtime Environment (11.0.11+9) (build 11.0.11+9-b60-7590822)
# Java VM: OpenJDK 64-Bit Server VM (11.0.11+9-b60-7590822, mixed mode, tiered, compressed oops, g1 gc, windows-amd64)
Heap:
 garbage-first heap   total 253952K, used 179201K [0x0000000080000000, 0x0000000100000000)
  region size 1024K, 32 young (32768K), 7 survivors (7168K)
 Metaspace       used 147387K, capacity 151536K, committed 151976K, reserved 1181696K
  class space    used 18530K, capacity 20059K, committed 20236K, reserved 1048576K
GC Heap History (20 events):
Event: 2581.568 GC heap before
{Heap before GC invocations=65 (full 0):
 garbage-first heap   total 210944K, used 163092K [0x0000000080000000, 0x0000000100000000)
  region size 1024K, 31 young (31744K), 4 survivors (4096K)
 Metaspace       used 141554K, capacity 145435K, committed 145704K, reserved 1175552K
  class space    used 17834K, capacity 19251K, committed 19340K, reserved 1048576K
}
Event: 2581.590 GC heap after
{Heap after GC invocations=66 (full 0):
 garbage-first heap   total 210944K, used 138592K [0x0000000080000000, 0x0000000100000000)
  region size 1024K, 3 young (3072K), 3 survivors (3072K)
 Metaspace       used 141554K, capacity 145435K, committed 145704K, reserved 1175552K
  class space    used 17834K, capacity 19251K, committed 19340K, reserved 1048576K
}
Event: 2583.745 GC heap before
{Heap before GC invocations=66 (full 0):
 garbage-first heap   total 210944K, used 166240K [0x0000000080000000, 0x0000000100000000)
  region size 1024K, 31 young (31744K), 3 survivors (3072K)
 Metaspace       used 141860K, capacity 145835K, committed 145960K, reserved 1175552K
  class space    used 17845K, capacity 19318K, committed 19340K, reserved 1048576K
}
Event: 2583.760 GC heap after
{Heap after GC invocations=67 (full 0):
 garbage-first heap   total 210944K, used 140630K [0x0000000080000000, 0x0000000100000000)
  region size 1024K, 4 young (4096K), 4 survivors (4096K)
 Metaspace       used 141860K, capacity 145835K, committed 145960K, reserved 1175552K
  class space    used 17845K, capacity 19318K, committed 19340K, reserved 1048576K
}
Event: 2585.130 GC heap before
{Heap before GC invocations=68 (full 0):
 garbage-first heap   total 210944K, used 170326K [0x0000000080000000, 0x0000000100000000)
  region size 1024K, 33 young (33792K), 4 survivors (4096K)
 Metaspace       used 142603K, capacity 146552K, committed 146856K, reserved 1177600K
  class space    used 17925K, capacity 19388K, committed 19468K, reserved 1048576K
}
Event: 2585.154 GC heap after
{Heap after GC invocations=69 (full 0):
 garbage-first heap   total 210944K, used 143587K [0x0000000080000000, 0x0000000100000000)
  region size 1024K, 5 young (5120K), 5 survivors (5120K)
 Metaspace       used 142603K, capacity 146552K, committed 146856K, reserved 1177600K
  class space    used 17925K, capacity 19388K, committed 19468K, reserved 1048576K
}
Event: 2585.263 GC heap before
{Heap before GC invocations=69 (full 0):
 garbage-first heap   total 210944K, used 147683K [0x0000000080000000, 0x0000000100000000)
  region size 1024K, 10 young (10240K), 5 survivors (5120K)
 Metaspace       used 142611K, capacity 146557K, committed 146856K, reserved 1177600K
  class space    used 17927K, capacity 19390K, committed 19468K, reserved 1048576K
}
Event: 2585.288 GC heap after
{Heap after GC invocations=70 (full 0):
 garbage-first heap   total 210944K, used 143638K [0x0000000080000000, 0x0000000100000000)
  region size 1024K, 1 young (1024K), 1 survivors (1024K)
 Metaspace       used 142611K, capacity 146557K, committed 146856K, reserved 1177600K
  class space    used 17927K, capacity 19390K, committed 19468K, reserved 1048576K
}
Event: 2587.028 GC heap before
{Heap before GC invocations=70 (full 0):
 garbage-first heap   total 210944K, used 171286K [0x0000000080000000, 0x0000000100000000)
  region size 1024K, 29 young (29696K), 1 survivors (1024K)
 Metaspace       used 143011K, capacity 146942K, committed 147112K, reserved 1177600K
  class space    used 17977K, capacity 19409K, committed 19468K, reserved 1048576K
}
Event: 2587.048 GC heap after
{Heap after GC invocations=71 (full 0):
 garbage-first heap   total 210944K, used 145427K [0x0000000080000000, 0x0000000100000000)
  region size 1024K, 3 young (3072K), 3 survivors (3072K)
 Metaspace       used 143011K, capacity 146942K, committed 147112K, reserved 1177600K
  class space    used 17977K, capacity 19409K, committed 19468K, reserved 1048576K
}
Event: 2588.641 GC heap before
{Heap before GC invocations=72 (full 0):
 garbage-first heap   total 210944K, used 174099K [0x0000000080000000, 0x0000000100000000)
  region size 1024K, 31 young (31744K), 3 survivors (3072K)
 Metaspace       used 144151K, capacity 148188K, committed 148392K, reserved 1177600K
  class space    used 18145K, capacity 19602K, committed 19724K, reserved 1048576K
}
Event: 2588.659 GC heap after
{Heap after GC invocations=73 (full 0):
 garbage-first heap   total 210944K, used 146953K [0x0000000080000000, 0x0000000100000000)
  region size 1024K, 2 young (2048K), 2 survivors (2048K)
 Metaspace       used 144151K, capacity 148188K, committed 148392K, reserved 1177600K
  class space    used 18145K, capacity 19602K, committed 19724K, reserved 1048576K
}
Event: 2589.199 GC heap before
{Heap before GC invocations=73 (full 0):
 garbage-first heap   total 210944K, used 155145K [0x0000000080000000, 0x0000000100000000)
  region size 1024K, 10 young (10240K), 2 survivors (2048K)
 Metaspace       used 144179K, capacity 148191K, committed 148392K, reserved 1177600K
  class space    used 18145K, capacity 19602K, committed 19724K, reserved 1048576K
}
Event: 2589.221 GC heap after
{Heap after GC invocations=74 (full 0):
 garbage-first heap   total 210944K, used 146507K [0x0000000080000000, 0x0000000100000000)
  region size 1024K, 1 young (1024K), 1 survivors (1024K)
 Metaspace       used 144179K, capacity 148191K, committed 148392K, reserved 1177600K
  class space    used 18145K, capacity 19602K, committed 19724K, reserved 1048576K
}
Event: 2590.017 GC heap before
{Heap before GC invocations=74 (full 0):
 garbage-first heap   total 210944K, used 175179K [0x0000000080000000, 0x0000000100000000)
  region size 1024K, 29 young (29696K), 1 survivors (1024K)
 Metaspace       used 146183K, capacity 150235K, committed 150440K, reserved 1179648K
  class space    used 18410K, capacity 19922K, committed 19980K, reserved 1048576K
}
Event: 2590.035 GC heap after
{Heap after GC invocations=75 (full 0):
 garbage-first heap   total 253952K, used 148408K [0x0000000080000000, 0x0000000100000000)
  region size 1024K, 3 young (3072K), 3 survivors (3072K)
 Metaspace       used 146183K, capacity 150235K, committed 150440K, reserved 1179648K
  class space    used 18410K, capacity 19922K, committed 19980K, reserved 1048576K
}
Event: 3641.820 GC heap before
{Heap before GC invocations=76 (full 0):
 garbage-first heap   total 253952K, used 197560K [0x0000000080000000, 0x0000000100000000)
  region size 1024K, 51 young (52224K), 3 survivors (3072K)
 Metaspace       used 146688K, capacity 150839K, committed 151080K, reserved 1179648K
  class space    used 18474K, capacity 20018K, committed 20108K, reserved 1048576K
}
Event: 3641.836 GC heap after
{Heap after GC invocations=77 (full 0):
 garbage-first heap   total 253952K, used 150644K [0x0000000080000000, 0x0000000100000000)
  region size 1024K, 5 young (5120K), 5 survivors (5120K)
 Metaspace       used 146688K, capacity 150839K, committed 151080K, reserved 1179648K
  class space    used 18474K, capacity 20018K, committed 20108K, reserved 1048576K
}
Event: 3644.348 GC heap before
{Heap before GC invocations=77 (full 0):
 garbage-first heap   total 253952K, used 174196K [0x0000000080000000, 0x0000000100000000)
  region size 1024K, 29 young (29696K), 5 survivors (5120K)
 Metaspace       used 146900K, capacity 151124K, committed 151336K, reserved 1181696K
  class space    used 18490K, capacity 20033K, committed 20108K, reserved 1048576K
}
Event: 3644.376 GC heap after
{Heap after GC invocations=78 (full 0):
 garbage-first heap   total 253952K, used 154625K [0x0000000080000000, 0x0000000100000000)
  region size 1024K, 7 young (7168K), 7 survivors (7168K)
 Metaspace       used 146900K, capacity 151124K, committed 151336K, reserved 1181696K
  class space    used 18490K, capacity 20033K, committed 20108K, reserved 1048576K
}

